(x->(4, 0))
(=->(0, 0))
(5->(5, 0))
(;->(0, 0))
(y->(5, 1))
(=->(0, 0))
(4->(4, 1))
(;->(0, 0))
(z->(6, 0))
(=->(0, 0))
(;->(0, 0))
(if->(0, 0))
(x->(4, 0))
(>=->(0, 0))
(y->(5, 1))
(and->(0, 0))
(x->(4, 0))
(>=->(0, 0))
(z->(6, 0))
(:->(0, 0))
(print->(0, 0))
("->(0, 0))
(x->(4, 0))
(=->(0, 0))
(#->(0, 0))
({->(0, 0))
(x->(4, 0))
(}->(0, 0))
(is->(5, 2))
(greatest.->(1, 0))
("->(0, 0))
(;->(0, 0))
(elsif->(0, 0))
(y->(5, 1))
(>=->(0, 0))
(z->(6, 0))
(and->(0, 0))
(y->(5, 1))
(>=->(0, 0))
(x->(4, 0))
(:->(0, 0))
(print->(0, 0))
("->(0, 0))
(y->(5, 1))
(=->(0, 0))
(#->(0, 0))
({->(0, 0))
(y->(5, 1))
(}->(0, 0))
(is->(5, 2))
(greatest.->(1, 0))
("->(0, 0))
(;->(0, 0))
(else->(0, 0))
(:->(0, 0))
(print->(0, 0))
("->(0, 0))
(z->(6, 0))
(=->(0, 0))
(#->(0, 0))
({->(0, 0))
(z->(6, 0))
(}->(0, 0))
(is->(5, 2))
(greatest.->(1, 0))
("->(0, 0))
(;->(0, 0))
(fi->(0, 0))
(;->(0, 0))
